2018-05-30 20:57:50 +0000  Initial pipeline context: <IDEDistributionProcessingPipelineContext: 0x7fd521c48ff0; archive(resolved)='<IDEArchive: 0x7fd5219988e0>', distributionTask(resolved)='2', distributionMethod(resolved)='<IDEDistributionMethodDirectDistribution: 0x7fd51ba5fe60>', team(resolved)='<IDEProvisioningBasicTeam: 0x7fd5078bea20; teamID='E873B24XVN', teamName='Adrien Humiliere'>'>
	Chain (10, self inclusive):
	<IDEDistributionProcessingPipelineContext: 0x7fd521c48ff0; archive = '<IDEArchive: 0x7fd5219988e0>', distributionMethod='<IDEDistributionMethodDirectDistribution: 0x7fd51ba5fe60>', team='<IDEProvisioningBasicTeam: 0x7fd5078bea20; teamID='E873B24XVN', teamName='Adrien Humiliere'>'>
	<IDEDistributionProcessingPipelineContext: 0x7fd506e32bf0; archive = '<IDEArchive: 0x7fd5219988e0>', distributionMethod='<IDEDistributionMethodDirectDistribution: 0x7fd51ba5fe60>', team='<IDEProvisioningBasicTeam: 0x7fd5078bea20; teamID='E873B24XVN', teamName='Adrien Humiliere'>'>
	<IDEDistributionContext: 0x7fd5237765a0; archive = '<IDEArchive: 0x7fd5219988e0>', distributionMethod='<IDEDistributionMethodDirectDistribution: 0x7fd51ba5fe60>', team='<IDEProvisioningBasicTeam: 0x7fd5078bea20; teamID='E873B24XVN', teamName='Adrien Humiliere'>'>
	<IDEDistributionContext: 0x7fd50890edc0; archive = '<IDEArchive: 0x7fd5219988e0>', distributionMethod='<IDEDistributionMethodDirectDistribution: 0x7fd51ba5fe60>', team='<IDEProvisioningBasicTeam: 0x7fd5078bea20; teamID='E873B24XVN', teamName='Adrien Humiliere'>'>
	<IDEDistributionContext: 0x7fd52304dcf0; archive = '<IDEArchive: 0x7fd5219988e0>', distributionMethod='<IDEDistributionMethodDirectDistribution: 0x7fd51ba5fe60>', team='<IDEProvisioningBasicTeam: 0x7fd5078bea20; teamID='E873B24XVN', teamName='Adrien Humiliere'>'>
	<IDEDistributionContext: 0x7fd523c30a00; archive = '<IDEArchive: 0x7fd5219988e0>', distributionMethod='<IDEDistributionMethodDirectDistribution: 0x7fd51ba5fe60>', team='<IDEProvisioningBasicTeam: 0x7fd5078bea20; teamID='E873B24XVN', teamName='Adrien Humiliere'>'>
	<IDEDistributionContext: 0x7fd5239a0590; archive = '<IDEArchive: 0x7fd5219988e0>', distributionMethod='<IDEDistributionMethodDirectDistribution: 0x7fd51ba5fe60>', team='<IDEProvisioningBasicTeam: 0x7fd5078bea20; teamID='E873B24XVN', teamName='Adrien Humiliere'>'>
	<IDEDistributionContext: 0x7fd507983490; archive = '<IDEArchive: 0x7fd5219988e0>', distributionMethod='<IDEDistributionMethodDirectDistribution: 0x7fd51ba5fe60>', team='<IDEProvisioningBasicTeam: 0x7fd5078bea20; teamID='E873B24XVN', teamName='Adrien Humiliere'>'>
	<IDEDistributionContext: 0x7fd51fb29070; archive = '<IDEArchive: 0x7fd5219988e0>', distributionMethod='<IDEDistributionMethodDirectDistribution: 0x7fd51ba5fe60>', team='(null)'>
	<IDEDistributionContext: 0x7fd51c6885d0; archive = '<IDEArchive: 0x7fd5219988e0>', distributionMethod='(null)', team='(null)'>
</IDEDistributionProcessingPipelineContext: 0x7fd521c48ff0>
2018-05-30 20:57:50 +0000  Processing step: IDEDistributionCreateDestRootStep
2018-05-30 20:57:50 +0000  Processing step: IDEDistributionCopyItemStep
2018-05-30 20:57:50 +0000  Running /usr/bin/ditto '-V' '/Users/adhumi/Library/Developer/Xcode/Archives/2018-05-30/kmh574 30-05-2018 22.56.xcarchive/Products/Applications/kmh574.app' '/var/folders/n1/t8bv4vcj1bsckssfs9p4w9w00000gn/T/XcodeDistPipeline.5aN/Root/Applications/kmh574.app'
2018-05-30 20:57:50 +0000  >>> Copying /Users/adhumi/Library/Developer/Xcode/Archives/2018-05-30/kmh574 30-05-2018 22.56.xcarchive/Products/Applications/kmh574.app 
2018-05-30 20:57:50 +0000  
2018-05-30 20:57:50 +0000  copying file ./Contents/_CodeSignature/CodeResources ... 
2018-05-30 20:57:50 +0000  8512 bytes for ./Contents/_CodeSignature/CodeResources
2018-05-30 20:57:50 +0000  copying file ./Contents/MacOS/kmh574 ... 
2018-05-30 20:57:50 +0000  58496 bytes for ./Contents/MacOS/kmh574
2018-05-30 20:57:50 +0000  copying file ./Contents/Resources/Base.lproj/MainMenu.nib ... 
2018-05-30 20:57:50 +0000  2154 bytes for ./Contents/Resources/Base.lproj/MainMenu.nib
2018-05-30 20:57:50 +0000  copying file ./Contents/Frameworks/libswiftAppKit.dylib ... 
2018-05-30 20:57:50 +0000  166832 bytes for ./Contents/Frameworks/libswiftAppKit.dylib
copying file ./Contents/Frameworks/libswiftCoreImage.dylib ... 
2018-05-30 20:57:50 +0000  40336 bytes for ./Contents/Frameworks/libswiftCoreImage.dylib
2018-05-30 20:57:50 +0000  copying file ./Contents/Frameworks/libswiftObjectiveC.dylib ... 
2018-05-30 20:57:50 +0000  60928 bytes for ./Contents/Frameworks/libswiftObjectiveC.dylib
2018-05-30 20:57:50 +0000  copying file ./Contents/Frameworks/libswiftXPC.dylib ... 
2018-05-30 20:57:50 +0000  35952 bytes for ./Contents/Frameworks/libswiftXPC.dylib
copying file ./Contents/Frameworks/libswiftCore.dylib ... 
2018-05-30 20:57:50 +0000  6151776 bytes for ./Contents/Frameworks/libswiftCore.dylib
2018-05-30 20:57:50 +0000  copying file ./Contents/Frameworks/libswiftCoreGraphics.dylib ... 
188160 bytes for ./Contents/Frameworks/libswiftCoreGraphics.dylib
copying file ./Contents/Frameworks/libswiftMetal.dylib ... 
68768 bytes for ./Contents/Frameworks/libswiftMetal.dylib
copying file ./Contents/Frameworks/libswiftCoreData.dylib ... 
95792 bytes for ./Contents/Frameworks/libswiftCoreData.dylib
copying file ./Contents/Frameworks/libswiftDispatch.dylib ... 
2018-05-30 20:57:50 +0000  302288 bytes for ./Contents/Frameworks/libswiftDispatch.dylib
copying file ./Contents/Frameworks/libswiftos.dylib ... 
2018-05-30 20:57:50 +0000  49440 bytes for ./Contents/Frameworks/libswiftos.dylib
copying file ./Contents/Frameworks/libswiftCoreFoundation.dylib ... 
2018-05-30 20:57:50 +0000  31888 bytes for ./Contents/Frameworks/libswiftCoreFoundation.dylib
copying file ./Contents/Frameworks/libswiftDarwin.dylib ... 
2018-05-30 20:57:50 +0000  89488 bytes for ./Contents/Frameworks/libswiftDarwin.dylib
copying file ./Contents/Frameworks/libswiftQuartzCore.dylib ... 
2018-05-30 20:57:50 +0000  52368 bytes for ./Contents/Frameworks/libswiftQuartzCore.dylib
copying file ./Contents/Frameworks/libswiftIOKit.dylib ... 
2018-05-30 20:57:50 +0000  36048 bytes for ./Contents/Frameworks/libswiftIOKit.dylib
copying file ./Contents/Frameworks/libswiftFoundation.dylib ... 
2018-05-30 20:57:50 +0000  2844160 bytes for ./Contents/Frameworks/libswiftFoundation.dylib
2018-05-30 20:57:50 +0000  copying file ./Contents/Info.plist ... 
2018-05-30 20:57:50 +0000  1564 bytes for ./Contents/Info.plist
copying file ./Contents/PkgInfo ... 
2018-05-30 20:57:50 +0000  8 bytes for ./Contents/PkgInfo
2018-05-30 20:57:50 +0000  2018-05-30 20:57:50 +0000  

2018-05-30 20:57:50 +0000  /usr/bin/ditto exited with 0
2018-05-30 20:57:50 +0000  2018-05-30 20:57:50 +0000  

2018-05-30 20:57:50 +0000  Processing step: IDEDistributionEmbedProfileStep
2018-05-30 20:57:50 +0000  Skipping profile for item: <IDEDistributionItem: 0x7fd507d030e0 'com.apple.dt.runtime.swiftAppKit' '<DVTFilePath:0x7fd507f5ba00:'/Users/adhumi/Library/Developer/Xcode/Archives/2018-05-30/kmh574 30-05-2018 22.56.xcarchive/Products/Applications/kmh574.app/Contents/Frameworks/libswiftAppKit.dylib'>'>
2018-05-30 20:57:50 +0000  Skipping profile for item: <IDEDistributionItem: 0x7fd507b4f350 'com.apple.dt.runtime.swiftCore' '<DVTFilePath:0x7fd507f2da60:'/Users/adhumi/Library/Developer/Xcode/Archives/2018-05-30/kmh574 30-05-2018 22.56.xcarchive/Products/Applications/kmh574.app/Contents/Frameworks/libswiftCore.dylib'>'>
2018-05-30 20:57:50 +0000  Skipping profile for item: <IDEDistributionItem: 0x7fd507b458d0 'com.apple.dt.runtime.swiftCoreData' '<DVTFilePath:0x7fd507f36c70:'/Users/adhumi/Library/Developer/Xcode/Archives/2018-05-30/kmh574 30-05-2018 22.56.xcarchive/Products/Applications/kmh574.app/Contents/Frameworks/libswiftCoreData.dylib'>'>
2018-05-30 20:57:50 +0000  Skipping profile for item: <IDEDistributionItem: 0x7fd507d1ced0 'com.apple.dt.runtime.swiftCoreFoundation' '<DVTFilePath:0x7fd507988dc0:'/Users/adhumi/Library/Developer/Xcode/Archives/2018-05-30/kmh574 30-05-2018 22.56.xcarchive/Products/Applications/kmh574.app/Contents/Frameworks/libswiftCoreFoundation.dylib'>'>
2018-05-30 20:57:50 +0000  Skipping profile for item: <IDEDistributionItem: 0x7fd507d1c9a0 'com.apple.dt.runtime.swiftCoreGraphics' '<DVTFilePath:0x7fd507f60a70:'/Users/adhumi/Library/Developer/Xcode/Archives/2018-05-30/kmh574 30-05-2018 22.56.xcarchive/Products/Applications/kmh574.app/Contents/Frameworks/libswiftCoreGraphics.dylib'>'>
2018-05-30 20:57:50 +0000  Skipping profile for item: <IDEDistributionItem: 0x7fd507d1ce60 'com.apple.dt.runtime.swiftCoreImage' '<DVTFilePath:0x7fd5235e0e70:'/Users/adhumi/Library/Developer/Xcode/Archives/2018-05-30/kmh574 30-05-2018 22.56.xcarchive/Products/Applications/kmh574.app/Contents/Frameworks/libswiftCoreImage.dylib'>'>
2018-05-30 20:57:50 +0000  Skipping profile for item: <IDEDistributionItem: 0x7fd507b3afb0 'com.apple.dt.runtime.swiftDarwin' '<DVTFilePath:0x7fd50796bde0:'/Users/adhumi/Library/Developer/Xcode/Archives/2018-05-30/kmh574 30-05-2018 22.56.xcarchive/Products/Applications/kmh574.app/Contents/Frameworks/libswiftDarwin.dylib'>'>
2018-05-30 20:57:50 +0000  Skipping profile for item: <IDEDistributionItem: 0x7fd507d04bd0 'com.apple.dt.runtime.swiftDispatch' '<DVTFilePath:0x7fd507f4aa80:'/Users/adhumi/Library/Developer/Xcode/Archives/2018-05-30/kmh574 30-05-2018 22.56.xcarchive/Products/Applications/kmh574.app/Contents/Frameworks/libswiftDispatch.dylib'>'>
2018-05-30 20:57:50 +0000  Skipping profile for item: <IDEDistributionItem: 0x7fd507f886e0 'com.apple.dt.runtime.swiftFoundation' '<DVTFilePath:0x7fd52181d9e0:'/Users/adhumi/Library/Developer/Xcode/Archives/2018-05-30/kmh574 30-05-2018 22.56.xcarchive/Products/Applications/kmh574.app/Contents/Frameworks/libswiftFoundation.dylib'>'>
2018-05-30 20:57:50 +0000  Skipping profile for item: <IDEDistributionItem: 0x7fd507b14eb0 'com.apple.dt.runtime.swiftIOKit' '<DVTFilePath:0x7fd52183d7e0:'/Users/adhumi/Library/Developer/Xcode/Archives/2018-05-30/kmh574 30-05-2018 22.56.xcarchive/Products/Applications/kmh574.app/Contents/Frameworks/libswiftIOKit.dylib'>'>
2018-05-30 20:57:50 +0000  Skipping profile for item: <IDEDistributionItem: 0x7fd507b46050 'com.apple.dt.runtime.swiftMetal' '<DVTFilePath:0x7fd507f89fc0:'/Users/adhumi/Library/Developer/Xcode/Archives/2018-05-30/kmh574 30-05-2018 22.56.xcarchive/Products/Applications/kmh574.app/Contents/Frameworks/libswiftMetal.dylib'>'>
2018-05-30 20:57:50 +0000  Skipping profile for item: <IDEDistributionItem: 0x7fd507d0f810 'com.apple.dt.runtime.swiftObjectiveC' '<DVTFilePath:0x7fd507f35250:'/Users/adhumi/Library/Developer/Xcode/Archives/2018-05-30/kmh574 30-05-2018 22.56.xcarchive/Products/Applications/kmh574.app/Contents/Frameworks/libswiftObjectiveC.dylib'>'>
2018-05-30 20:57:50 +0000  Skipping profile for item: <IDEDistributionItem: 0x7fd507b5b740 'com.apple.dt.runtime.swiftQuartzCore' '<DVTFilePath:0x7fd507987fb0:'/Users/adhumi/Library/Developer/Xcode/Archives/2018-05-30/kmh574 30-05-2018 22.56.xcarchive/Products/Applications/kmh574.app/Contents/Frameworks/libswiftQuartzCore.dylib'>'>
2018-05-30 20:57:50 +0000  Skipping profile for item: <IDEDistributionItem: 0x7fd507d14940 'com.apple.dt.runtime.swiftXPC' '<DVTFilePath:0x7fd50796a220:'/Users/adhumi/Library/Developer/Xcode/Archives/2018-05-30/kmh574 30-05-2018 22.56.xcarchive/Products/Applications/kmh574.app/Contents/Frameworks/libswiftXPC.dylib'>'>
2018-05-30 20:57:50 +0000  Skipping profile for item: <IDEDistributionItem: 0x7fd507b26400 'com.apple.dt.runtime.swiftos' '<DVTFilePath:0x7fd521f6bf30:'/Users/adhumi/Library/Developer/Xcode/Archives/2018-05-30/kmh574 30-05-2018 22.56.xcarchive/Products/Applications/kmh574.app/Contents/Frameworks/libswiftos.dylib'>'>
2018-05-30 20:57:50 +0000  Skipping profile for item: <IDEDistributionItem: 0x7fd5078a48a0 'fr.adhumi.kmh574' '<DVTFilePath:0x7fd523ec0db0:'/Users/adhumi/Library/Developer/Xcode/Archives/2018-05-30/kmh574 30-05-2018 22.56.xcarchive/Products/Applications/kmh574.app'>'>
2018-05-30 20:57:50 +0000  Processing step: IDEDistributionAppThinningPlistStep
2018-05-30 20:57:50 +0000  Processing step: IDEDistributionCompileBitcodeStep
2018-05-30 20:57:50 +0000  Skipping step: IDEDistributionCompileBitcodeStep because it said so
2018-05-30 20:57:50 +0000  Processing step: IDEDistributionCodeSlimmingStep
2018-05-30 20:57:50 +0000  Processing step: IDEDistributionCopyBCSymbolMapsStep
2018-05-30 20:57:50 +0000  Skipping step: IDEDistributionCopyBCSymbolMapsStep because it said so
2018-05-30 20:57:50 +0000  Skipping step: IDEDistributionCopyBCSymbolMapsStep because it said so
2018-05-30 20:57:50 +0000  Skipping step: IDEDistributionCopyBCSymbolMapsStep because it said so
2018-05-30 20:57:50 +0000  Skipping step: IDEDistributionCopyBCSymbolMapsStep because it said so
2018-05-30 20:57:50 +0000  Skipping step: IDEDistributionCopyBCSymbolMapsStep because it said so
2018-05-30 20:57:50 +0000  Skipping step: IDEDistributionCopyBCSymbolMapsStep because it said so
2018-05-30 20:57:50 +0000  Skipping step: IDEDistributionCopyBCSymbolMapsStep because it said so
2018-05-30 20:57:50 +0000  Skipping step: IDEDistributionCopyBCSymbolMapsStep because it said so
2018-05-30 20:57:50 +0000  Skipping step: IDEDistributionCopyBCSymbolMapsStep because it said so
2018-05-30 20:57:50 +0000  Skipping step: IDEDistributionCopyBCSymbolMapsStep because it said so
2018-05-30 20:57:50 +0000  Skipping step: IDEDistributionCopyBCSymbolMapsStep because it said so
2018-05-30 20:57:50 +0000  Skipping step: IDEDistributionCopyBCSymbolMapsStep because it said so
2018-05-30 20:57:50 +0000  Skipping step: IDEDistributionCopyBCSymbolMapsStep because it said so
2018-05-30 20:57:50 +0000  Skipping step: IDEDistributionCopyBCSymbolMapsStep because it said so
2018-05-30 20:57:50 +0000  Skipping step: IDEDistributionCopyBCSymbolMapsStep because it said so
2018-05-30 20:57:50 +0000  Skipping step: IDEDistributionCopyBCSymbolMapsStep because it said so
2018-05-30 20:57:50 +0000  Processing step: IDEDistributionSymbolsStep
2018-05-30 20:57:50 +0000  Skipping step: IDEDistributionSymbolsStep because it said so
2018-05-30 20:57:50 +0000  Skipping step: IDEDistributionSymbolsStep because it said so
2018-05-30 20:57:50 +0000  Skipping step: IDEDistributionSymbolsStep because it said so
2018-05-30 20:57:50 +0000  Skipping step: IDEDistributionSymbolsStep because it said so
2018-05-30 20:57:50 +0000  Skipping step: IDEDistributionSymbolsStep because it said so
2018-05-30 20:57:50 +0000  Skipping step: IDEDistributionSymbolsStep because it said so
2018-05-30 20:57:50 +0000  Skipping step: IDEDistributionSymbolsStep because it said so
2018-05-30 20:57:50 +0000  Skipping step: IDEDistributionSymbolsStep because it said so
2018-05-30 20:57:50 +0000  Skipping step: IDEDistributionSymbolsStep because it said so
2018-05-30 20:57:50 +0000  Skipping step: IDEDistributionSymbolsStep because it said so
2018-05-30 20:57:50 +0000  Skipping step: IDEDistributionSymbolsStep because it said so
2018-05-30 20:57:50 +0000  Skipping step: IDEDistributionSymbolsStep because it said so
2018-05-30 20:57:50 +0000  Skipping step: IDEDistributionSymbolsStep because it said so
2018-05-30 20:57:50 +0000  Skipping step: IDEDistributionSymbolsStep because it said so
2018-05-30 20:57:50 +0000  Skipping step: IDEDistributionSymbolsStep because it said so
2018-05-30 20:57:50 +0000  Skipping step: IDEDistributionSymbolsStep because it said so
2018-05-30 20:57:50 +0000  Processing step: IDEDistributionAppThinningStep
2018-05-30 20:57:50 +0000  Skipping step: IDEDistributionAppThinningStep because it said so
2018-05-30 20:57:50 +0000  Processing step: IDEDistributionODRStep
2018-05-30 20:57:50 +0000  Processing step: IDEDistributionStripXattrsStep
2018-05-30 20:57:50 +0000  Skipping stripping extended attributes of item: <IDEDistributionItem: 0x7fd507d030e0 'com.apple.dt.runtime.swiftAppKit' '<DVTFilePath:0x7fd507f5ba00:'/Users/adhumi/Library/Developer/Xcode/Archives/2018-05-30/kmh574 30-05-2018 22.56.xcarchive/Products/Applications/kmh574.app/Contents/Frameworks/libswiftAppKit.dylib'>'>
2018-05-30 20:57:50 +0000  Skipping stripping extended attributes of item: <IDEDistributionItem: 0x7fd507b4f350 'com.apple.dt.runtime.swiftCore' '<DVTFilePath:0x7fd507f2da60:'/Users/adhumi/Library/Developer/Xcode/Archives/2018-05-30/kmh574 30-05-2018 22.56.xcarchive/Products/Applications/kmh574.app/Contents/Frameworks/libswiftCore.dylib'>'>
2018-05-30 20:57:50 +0000  Skipping stripping extended attributes of item: <IDEDistributionItem: 0x7fd507b458d0 'com.apple.dt.runtime.swiftCoreData' '<DVTFilePath:0x7fd507f36c70:'/Users/adhumi/Library/Developer/Xcode/Archives/2018-05-30/kmh574 30-05-2018 22.56.xcarchive/Products/Applications/kmh574.app/Contents/Frameworks/libswiftCoreData.dylib'>'>
2018-05-30 20:57:50 +0000  Skipping stripping extended attributes of item: <IDEDistributionItem: 0x7fd507d1ced0 'com.apple.dt.runtime.swiftCoreFoundation' '<DVTFilePath:0x7fd507988dc0:'/Users/adhumi/Library/Developer/Xcode/Archives/2018-05-30/kmh574 30-05-2018 22.56.xcarchive/Products/Applications/kmh574.app/Contents/Frameworks/libswiftCoreFoundation.dylib'>'>
2018-05-30 20:57:50 +0000  Skipping stripping extended attributes of item: <IDEDistributionItem: 0x7fd507d1c9a0 'com.apple.dt.runtime.swiftCoreGraphics' '<DVTFilePath:0x7fd507f60a70:'/Users/adhumi/Library/Developer/Xcode/Archives/2018-05-30/kmh574 30-05-2018 22.56.xcarchive/Products/Applications/kmh574.app/Contents/Frameworks/libswiftCoreGraphics.dylib'>'>
2018-05-30 20:57:50 +0000  Skipping stripping extended attributes of item: <IDEDistributionItem: 0x7fd507d1ce60 'com.apple.dt.runtime.swiftCoreImage' '<DVTFilePath:0x7fd5235e0e70:'/Users/adhumi/Library/Developer/Xcode/Archives/2018-05-30/kmh574 30-05-2018 22.56.xcarchive/Products/Applications/kmh574.app/Contents/Frameworks/libswiftCoreImage.dylib'>'>
2018-05-30 20:57:50 +0000  Skipping stripping extended attributes of item: <IDEDistributionItem: 0x7fd507b3afb0 'com.apple.dt.runtime.swiftDarwin' '<DVTFilePath:0x7fd50796bde0:'/Users/adhumi/Library/Developer/Xcode/Archives/2018-05-30/kmh574 30-05-2018 22.56.xcarchive/Products/Applications/kmh574.app/Contents/Frameworks/libswiftDarwin.dylib'>'>
2018-05-30 20:57:50 +0000  Skipping stripping extended attributes of item: <IDEDistributionItem: 0x7fd507d04bd0 'com.apple.dt.runtime.swiftDispatch' '<DVTFilePath:0x7fd507f4aa80:'/Users/adhumi/Library/Developer/Xcode/Archives/2018-05-30/kmh574 30-05-2018 22.56.xcarchive/Products/Applications/kmh574.app/Contents/Frameworks/libswiftDispatch.dylib'>'>
2018-05-30 20:57:50 +0000  Skipping stripping extended attributes of item: <IDEDistributionItem: 0x7fd507f886e0 'com.apple.dt.runtime.swiftFoundation' '<DVTFilePath:0x7fd52181d9e0:'/Users/adhumi/Library/Developer/Xcode/Archives/2018-05-30/kmh574 30-05-2018 22.56.xcarchive/Products/Applications/kmh574.app/Contents/Frameworks/libswiftFoundation.dylib'>'>
2018-05-30 20:57:50 +0000  Skipping stripping extended attributes of item: <IDEDistributionItem: 0x7fd507b14eb0 'com.apple.dt.runtime.swiftIOKit' '<DVTFilePath:0x7fd52183d7e0:'/Users/adhumi/Library/Developer/Xcode/Archives/2018-05-30/kmh574 30-05-2018 22.56.xcarchive/Products/Applications/kmh574.app/Contents/Frameworks/libswiftIOKit.dylib'>'>
2018-05-30 20:57:50 +0000  Skipping stripping extended attributes of item: <IDEDistributionItem: 0x7fd507b46050 'com.apple.dt.runtime.swiftMetal' '<DVTFilePath:0x7fd507f89fc0:'/Users/adhumi/Library/Developer/Xcode/Archives/2018-05-30/kmh574 30-05-2018 22.56.xcarchive/Products/Applications/kmh574.app/Contents/Frameworks/libswiftMetal.dylib'>'>
2018-05-30 20:57:50 +0000  Skipping stripping extended attributes of item: <IDEDistributionItem: 0x7fd507d0f810 'com.apple.dt.runtime.swiftObjectiveC' '<DVTFilePath:0x7fd507f35250:'/Users/adhumi/Library/Developer/Xcode/Archives/2018-05-30/kmh574 30-05-2018 22.56.xcarchive/Products/Applications/kmh574.app/Contents/Frameworks/libswiftObjectiveC.dylib'>'>
2018-05-30 20:57:50 +0000  Skipping stripping extended attributes of item: <IDEDistributionItem: 0x7fd507b5b740 'com.apple.dt.runtime.swiftQuartzCore' '<DVTFilePath:0x7fd507987fb0:'/Users/adhumi/Library/Developer/Xcode/Archives/2018-05-30/kmh574 30-05-2018 22.56.xcarchive/Products/Applications/kmh574.app/Contents/Frameworks/libswiftQuartzCore.dylib'>'>
2018-05-30 20:57:50 +0000  Skipping stripping extended attributes of item: <IDEDistributionItem: 0x7fd507d14940 'com.apple.dt.runtime.swiftXPC' '<DVTFilePath:0x7fd50796a220:'/Users/adhumi/Library/Developer/Xcode/Archives/2018-05-30/kmh574 30-05-2018 22.56.xcarchive/Products/Applications/kmh574.app/Contents/Frameworks/libswiftXPC.dylib'>'>
2018-05-30 20:57:50 +0000  Skipping stripping extended attributes of item: <IDEDistributionItem: 0x7fd507b26400 'com.apple.dt.runtime.swiftos' '<DVTFilePath:0x7fd521f6bf30:'/Users/adhumi/Library/Developer/Xcode/Archives/2018-05-30/kmh574 30-05-2018 22.56.xcarchive/Products/Applications/kmh574.app/Contents/Frameworks/libswiftos.dylib'>'>
2018-05-30 20:57:50 +0000  Running /usr/bin/xattr '-crs' '/var/folders/n1/t8bv4vcj1bsckssfs9p4w9w00000gn/T/XcodeDistPipeline.5aN/Root/Applications/kmh574.app'
2018-05-30 20:57:50 +0000  2018-05-30 20:57:50 +0000  

2018-05-30 20:57:50 +0000  /usr/bin/xattr exited with 0
2018-05-30 20:57:50 +0000  2018-05-30 20:57:50 +0000  

2018-05-30 20:57:50 +0000  Processing step: IDEDistributionCodesignStep
2018-05-30 20:57:50 +0000  Entitlements for <IDEDistributionItem: 0x7fd507d030e0 'com.apple.dt.runtime.swiftAppKit' '<DVTFilePath:0x7fd507f5ba00:'/Users/adhumi/Library/Developer/Xcode/Archives/2018-05-30/kmh574 30-05-2018 22.56.xcarchive/Products/Applications/kmh574.app/Contents/Frameworks/libswiftAppKit.dylib'>'>: {
}
2018-05-30 20:57:50 +0000  Writing entitlements for <IDEDistributionItem: 0x7fd507d030e0 'com.apple.dt.runtime.swiftAppKit' '<DVTFilePath:0x7fd507f5ba00:'/Users/adhumi/Library/Developer/Xcode/Archives/2018-05-30/kmh574 30-05-2018 22.56.xcarchive/Products/Applications/kmh574.app/Contents/Frameworks/libswiftAppKit.dylib'>'> to: /var/folders/n1/t8bv4vcj1bsckssfs9p4w9w00000gn/T/XcodeDistPipeline.5aN/entitlementsqP0gj6
2018-05-30 20:57:50 +0000  Running /usr/bin/codesign '-vvv' '--force' '--sign' 'C08A557AE421E08907B410347B193FA58C0BD57F' '--preserve-metadata=identifier,flags' '--entitlements' '/var/folders/n1/t8bv4vcj1bsckssfs9p4w9w00000gn/T/XcodeDistPipeline.5aN/entitlementsqP0gj6' '--requirements' '=designated => anchor apple generic  and identifier "$self.identifier" and ((cert leaf[field.1.2.840.113635.100.6.1.9] exists) or ( certificate 1[field.1.2.840.113635.100.6.2.6] exists and certificate leaf[field.1.2.840.113635.100.6.1.13] exists  and certificate leaf[subject.OU] = "E873B24XVN" ))' '/var/folders/n1/t8bv4vcj1bsckssfs9p4w9w00000gn/T/XcodeDistPipeline.5aN/Root/Applications/kmh574.app/Contents/Frameworks/libswiftAppKit.dylib'
2018-05-30 20:57:50 +0000  /var/folders/n1/t8bv4vcj1bsckssfs9p4w9w00000gn/T/XcodeDistPipeline.5aN/Root/Applications/kmh574.app/Contents/Frameworks/libswiftAppKit.dylib: replacing existing signature
2018-05-30 20:57:51 +0000  /var/folders/n1/t8bv4vcj1bsckssfs9p4w9w00000gn/T/XcodeDistPipeline.5aN/Root/Applications/kmh574.app/Contents/Frameworks/libswiftAppKit.dylib: signed Mach-O thin (x86_64) [com.apple.dt.runtime.swiftAppKit]
2018-05-30 20:57:51 +0000  
2018-05-30 20:57:51 +0000  
2018-05-30 20:57:51 +0000  
2018-05-30 20:57:51 +0000  /usr/bin/codesign exited with 0
2018-05-30 20:57:51 +0000  2018-05-30 20:57:51 +0000  

2018-05-30 20:57:51 +0000  Entitlements for <IDEDistributionItem: 0x7fd507b4f350 'com.apple.dt.runtime.swiftCore' '<DVTFilePath:0x7fd507f2da60:'/Users/adhumi/Library/Developer/Xcode/Archives/2018-05-30/kmh574 30-05-2018 22.56.xcarchive/Products/Applications/kmh574.app/Contents/Frameworks/libswiftCore.dylib'>'>: {
}
2018-05-30 20:57:51 +0000  Writing entitlements for <IDEDistributionItem: 0x7fd507b4f350 'com.apple.dt.runtime.swiftCore' '<DVTFilePath:0x7fd507f2da60:'/Users/adhumi/Library/Developer/Xcode/Archives/2018-05-30/kmh574 30-05-2018 22.56.xcarchive/Products/Applications/kmh574.app/Contents/Frameworks/libswiftCore.dylib'>'> to: /var/folders/n1/t8bv4vcj1bsckssfs9p4w9w00000gn/T/XcodeDistPipeline.5aN/entitlementsCqMF6B
2018-05-30 20:57:51 +0000  Running /usr/bin/codesign '-vvv' '--force' '--sign' 'C08A557AE421E08907B410347B193FA58C0BD57F' '--preserve-metadata=identifier,flags' '--entitlements' '/var/folders/n1/t8bv4vcj1bsckssfs9p4w9w00000gn/T/XcodeDistPipeline.5aN/entitlementsCqMF6B' '--requirements' '=designated => anchor apple generic  and identifier "$self.identifier" and ((cert leaf[field.1.2.840.113635.100.6.1.9] exists) or ( certificate 1[field.1.2.840.113635.100.6.2.6] exists and certificate leaf[field.1.2.840.113635.100.6.1.13] exists  and certificate leaf[subject.OU] = "E873B24XVN" ))' '/var/folders/n1/t8bv4vcj1bsckssfs9p4w9w00000gn/T/XcodeDistPipeline.5aN/Root/Applications/kmh574.app/Contents/Frameworks/libswiftCore.dylib'
2018-05-30 20:57:51 +0000  /var/folders/n1/t8bv4vcj1bsckssfs9p4w9w00000gn/T/XcodeDistPipeline.5aN/Root/Applications/kmh574.app/Contents/Frameworks/libswiftCore.dylib: replacing existing signature
2018-05-30 20:57:52 +0000  /var/folders/n1/t8bv4vcj1bsckssfs9p4w9w00000gn/T/XcodeDistPipeline.5aN/Root/Applications/kmh574.app/Contents/Frameworks/libswiftCore.dylib: signed Mach-O thin (x86_64) [com.apple.dt.runtime.swiftCore]
2018-05-30 20:57:52 +0000  
2018-05-30 20:57:52 +0000  
2018-05-30 20:57:52 +0000  
2018-05-30 20:57:52 +0000  /usr/bin/codesign exited with 0
2018-05-30 20:57:52 +0000  2018-05-30 20:57:52 +0000  

2018-05-30 20:57:52 +0000  Entitlements for <IDEDistributionItem: 0x7fd507b458d0 'com.apple.dt.runtime.swiftCoreData' '<DVTFilePath:0x7fd507f36c70:'/Users/adhumi/Library/Developer/Xcode/Archives/2018-05-30/kmh574 30-05-2018 22.56.xcarchive/Products/Applications/kmh574.app/Contents/Frameworks/libswiftCoreData.dylib'>'>: {
}
2018-05-30 20:57:52 +0000  Writing entitlements for <IDEDistributionItem: 0x7fd507b458d0 'com.apple.dt.runtime.swiftCoreData' '<DVTFilePath:0x7fd507f36c70:'/Users/adhumi/Library/Developer/Xcode/Archives/2018-05-30/kmh574 30-05-2018 22.56.xcarchive/Products/Applications/kmh574.app/Contents/Frameworks/libswiftCoreData.dylib'>'> to: /var/folders/n1/t8bv4vcj1bsckssfs9p4w9w00000gn/T/XcodeDistPipeline.5aN/entitlementshffMCd
2018-05-30 20:57:52 +0000  Running /usr/bin/codesign '-vvv' '--force' '--sign' 'C08A557AE421E08907B410347B193FA58C0BD57F' '--preserve-metadata=identifier,flags' '--entitlements' '/var/folders/n1/t8bv4vcj1bsckssfs9p4w9w00000gn/T/XcodeDistPipeline.5aN/entitlementshffMCd' '--requirements' '=designated => anchor apple generic  and identifier "$self.identifier" and ((cert leaf[field.1.2.840.113635.100.6.1.9] exists) or ( certificate 1[field.1.2.840.113635.100.6.2.6] exists and certificate leaf[field.1.2.840.113635.100.6.1.13] exists  and certificate leaf[subject.OU] = "E873B24XVN" ))' '/var/folders/n1/t8bv4vcj1bsckssfs9p4w9w00000gn/T/XcodeDistPipeline.5aN/Root/Applications/kmh574.app/Contents/Frameworks/libswiftCoreData.dylib'
2018-05-30 20:57:52 +0000  /var/folders/n1/t8bv4vcj1bsckssfs9p4w9w00000gn/T/XcodeDistPipeline.5aN/Root/Applications/kmh574.app/Contents/Frameworks/libswiftCoreData.dylib: replacing existing signature
2018-05-30 20:57:52 +0000  /var/folders/n1/t8bv4vcj1bsckssfs9p4w9w00000gn/T/XcodeDistPipeline.5aN/Root/Applications/kmh574.app/Contents/Frameworks/libswiftCoreData.dylib: signed Mach-O thin (x86_64) [com.apple.dt.runtime.swiftCoreData]
2018-05-30 20:57:52 +0000  
2018-05-30 20:57:52 +0000  
2018-05-30 20:57:52 +0000  2018-05-30 20:57:52 +0000  /usr/bin/codesign exited with 0

2018-05-30 20:57:52 +0000  
2018-05-30 20:57:52 +0000  
2018-05-30 20:57:52 +0000  Entitlements for <IDEDistributionItem: 0x7fd507d1ced0 'com.apple.dt.runtime.swiftCoreFoundation' '<DVTFilePath:0x7fd507988dc0:'/Users/adhumi/Library/Developer/Xcode/Archives/2018-05-30/kmh574 30-05-2018 22.56.xcarchive/Products/Applications/kmh574.app/Contents/Frameworks/libswiftCoreFoundation.dylib'>'>: {
}
2018-05-30 20:57:52 +0000  Writing entitlements for <IDEDistributionItem: 0x7fd507d1ced0 'com.apple.dt.runtime.swiftCoreFoundation' '<DVTFilePath:0x7fd507988dc0:'/Users/adhumi/Library/Developer/Xcode/Archives/2018-05-30/kmh574 30-05-2018 22.56.xcarchive/Products/Applications/kmh574.app/Contents/Frameworks/libswiftCoreFoundation.dylib'>'> to: /var/folders/n1/t8bv4vcj1bsckssfs9p4w9w00000gn/T/XcodeDistPipeline.5aN/entitlementsmqeFll
2018-05-30 20:57:52 +0000  Running /usr/bin/codesign '-vvv' '--force' '--sign' 'C08A557AE421E08907B410347B193FA58C0BD57F' '--preserve-metadata=identifier,flags' '--entitlements' '/var/folders/n1/t8bv4vcj1bsckssfs9p4w9w00000gn/T/XcodeDistPipeline.5aN/entitlementsmqeFll' '--requirements' '=designated => anchor apple generic  and identifier "$self.identifier" and ((cert leaf[field.1.2.840.113635.100.6.1.9] exists) or ( certificate 1[field.1.2.840.113635.100.6.2.6] exists and certificate leaf[field.1.2.840.113635.100.6.1.13] exists  and certificate leaf[subject.OU] = "E873B24XVN" ))' '/var/folders/n1/t8bv4vcj1bsckssfs9p4w9w00000gn/T/XcodeDistPipeline.5aN/Root/Applications/kmh574.app/Contents/Frameworks/libswiftCoreFoundation.dylib'
2018-05-30 20:57:52 +0000  /var/folders/n1/t8bv4vcj1bsckssfs9p4w9w00000gn/T/XcodeDistPipeline.5aN/Root/Applications/kmh574.app/Contents/Frameworks/libswiftCoreFoundation.dylib: replacing existing signature
2018-05-30 20:57:53 +0000  /var/folders/n1/t8bv4vcj1bsckssfs9p4w9w00000gn/T/XcodeDistPipeline.5aN/Root/Applications/kmh574.app/Contents/Frameworks/libswiftCoreFoundation.dylib: signed Mach-O thin (x86_64) [com.apple.dt.runtime.swiftCoreFoundation]
2018-05-30 20:57:53 +0000  
2018-05-30 20:57:53 +0000  2018-05-30 20:57:53 +0000  /usr/bin/codesign exited with 0

2018-05-30 20:57:53 +0000  2018-05-30 20:57:53 +0000  

2018-05-30 20:57:53 +0000  Entitlements for <IDEDistributionItem: 0x7fd507d1c9a0 'com.apple.dt.runtime.swiftCoreGraphics' '<DVTFilePath:0x7fd507f60a70:'/Users/adhumi/Library/Developer/Xcode/Archives/2018-05-30/kmh574 30-05-2018 22.56.xcarchive/Products/Applications/kmh574.app/Contents/Frameworks/libswiftCoreGraphics.dylib'>'>: {
}
2018-05-30 20:57:53 +0000  Writing entitlements for <IDEDistributionItem: 0x7fd507d1c9a0 'com.apple.dt.runtime.swiftCoreGraphics' '<DVTFilePath:0x7fd507f60a70:'/Users/adhumi/Library/Developer/Xcode/Archives/2018-05-30/kmh574 30-05-2018 22.56.xcarchive/Products/Applications/kmh574.app/Contents/Frameworks/libswiftCoreGraphics.dylib'>'> to: /var/folders/n1/t8bv4vcj1bsckssfs9p4w9w00000gn/T/XcodeDistPipeline.5aN/entitlementsJ4o02E
2018-05-30 20:57:53 +0000  Running /usr/bin/codesign '-vvv' '--force' '--sign' 'C08A557AE421E08907B410347B193FA58C0BD57F' '--preserve-metadata=identifier,flags' '--entitlements' '/var/folders/n1/t8bv4vcj1bsckssfs9p4w9w00000gn/T/XcodeDistPipeline.5aN/entitlementsJ4o02E' '--requirements' '=designated => anchor apple generic  and identifier "$self.identifier" and ((cert leaf[field.1.2.840.113635.100.6.1.9] exists) or ( certificate 1[field.1.2.840.113635.100.6.2.6] exists and certificate leaf[field.1.2.840.113635.100.6.1.13] exists  and certificate leaf[subject.OU] = "E873B24XVN" ))' '/var/folders/n1/t8bv4vcj1bsckssfs9p4w9w00000gn/T/XcodeDistPipeline.5aN/Root/Applications/kmh574.app/Contents/Frameworks/libswiftCoreGraphics.dylib'
2018-05-30 20:57:53 +0000  /var/folders/n1/t8bv4vcj1bsckssfs9p4w9w00000gn/T/XcodeDistPipeline.5aN/Root/Applications/kmh574.app/Contents/Frameworks/libswiftCoreGraphics.dylib: replacing existing signature
2018-05-30 20:57:53 +0000  /var/folders/n1/t8bv4vcj1bsckssfs9p4w9w00000gn/T/XcodeDistPipeline.5aN/Root/Applications/kmh574.app/Contents/Frameworks/libswiftCoreGraphics.dylib: signed Mach-O thin (x86_64) [com.apple.dt.runtime.swiftCoreGraphics]
2018-05-30 20:57:53 +0000  
2018-05-30 20:57:53 +0000  
2018-05-30 20:57:53 +0000  
2018-05-30 20:57:53 +0000  2018-05-30 20:57:53 +0000  /usr/bin/codesign exited with 0

2018-05-30 20:57:53 +0000  
2018-05-30 20:57:53 +0000  Entitlements for <IDEDistributionItem: 0x7fd507d1ce60 'com.apple.dt.runtime.swiftCoreImage' '<DVTFilePath:0x7fd5235e0e70:'/Users/adhumi/Library/Developer/Xcode/Archives/2018-05-30/kmh574 30-05-2018 22.56.xcarchive/Products/Applications/kmh574.app/Contents/Frameworks/libswiftCoreImage.dylib'>'>: {
}
2018-05-30 20:57:53 +0000  Writing entitlements for <IDEDistributionItem: 0x7fd507d1ce60 'com.apple.dt.runtime.swiftCoreImage' '<DVTFilePath:0x7fd5235e0e70:'/Users/adhumi/Library/Developer/Xcode/Archives/2018-05-30/kmh574 30-05-2018 22.56.xcarchive/Products/Applications/kmh574.app/Contents/Frameworks/libswiftCoreImage.dylib'>'> to: /var/folders/n1/t8bv4vcj1bsckssfs9p4w9w00000gn/T/XcodeDistPipeline.5aN/entitlementsNzxK3U
2018-05-30 20:57:53 +0000  Running /usr/bin/codesign '-vvv' '--force' '--sign' 'C08A557AE421E08907B410347B193FA58C0BD57F' '--preserve-metadata=identifier,flags' '--entitlements' '/var/folders/n1/t8bv4vcj1bsckssfs9p4w9w00000gn/T/XcodeDistPipeline.5aN/entitlementsNzxK3U' '--requirements' '=designated => anchor apple generic  and identifier "$self.identifier" and ((cert leaf[field.1.2.840.113635.100.6.1.9] exists) or ( certificate 1[field.1.2.840.113635.100.6.2.6] exists and certificate leaf[field.1.2.840.113635.100.6.1.13] exists  and certificate leaf[subject.OU] = "E873B24XVN" ))' '/var/folders/n1/t8bv4vcj1bsckssfs9p4w9w00000gn/T/XcodeDistPipeline.5aN/Root/Applications/kmh574.app/Contents/Frameworks/libswiftCoreImage.dylib'
2018-05-30 20:57:53 +0000  /var/folders/n1/t8bv4vcj1bsckssfs9p4w9w00000gn/T/XcodeDistPipeline.5aN/Root/Applications/kmh574.app/Contents/Frameworks/libswiftCoreImage.dylib: replacing existing signature
2018-05-30 20:57:54 +0000  /var/folders/n1/t8bv4vcj1bsckssfs9p4w9w00000gn/T/XcodeDistPipeline.5aN/Root/Applications/kmh574.app/Contents/Frameworks/libswiftCoreImage.dylib: signed Mach-O thin (x86_64) [com.apple.dt.runtime.swiftCoreImage]
2018-05-30 20:57:54 +0000  
2018-05-30 20:57:54 +0000  
2018-05-30 20:57:54 +0000  
2018-05-30 20:57:54 +0000  2018-05-30 20:57:54 +0000  /usr/bin/codesign exited with 0

2018-05-30 20:57:54 +0000  
2018-05-30 20:57:54 +0000  Entitlements for <IDEDistributionItem: 0x7fd507b3afb0 'com.apple.dt.runtime.swiftDarwin' '<DVTFilePath:0x7fd50796bde0:'/Users/adhumi/Library/Developer/Xcode/Archives/2018-05-30/kmh574 30-05-2018 22.56.xcarchive/Products/Applications/kmh574.app/Contents/Frameworks/libswiftDarwin.dylib'>'>: {
}
2018-05-30 20:57:54 +0000  Writing entitlements for <IDEDistributionItem: 0x7fd507b3afb0 'com.apple.dt.runtime.swiftDarwin' '<DVTFilePath:0x7fd50796bde0:'/Users/adhumi/Library/Developer/Xcode/Archives/2018-05-30/kmh574 30-05-2018 22.56.xcarchive/Products/Applications/kmh574.app/Contents/Frameworks/libswiftDarwin.dylib'>'> to: /var/folders/n1/t8bv4vcj1bsckssfs9p4w9w00000gn/T/XcodeDistPipeline.5aN/entitlementsvCUUCy
2018-05-30 20:57:54 +0000  Running /usr/bin/codesign '-vvv' '--force' '--sign' 'C08A557AE421E08907B410347B193FA58C0BD57F' '--preserve-metadata=identifier,flags' '--entitlements' '/var/folders/n1/t8bv4vcj1bsckssfs9p4w9w00000gn/T/XcodeDistPipeline.5aN/entitlementsvCUUCy' '--requirements' '=designated => anchor apple generic  and identifier "$self.identifier" and ((cert leaf[field.1.2.840.113635.100.6.1.9] exists) or ( certificate 1[field.1.2.840.113635.100.6.2.6] exists and certificate leaf[field.1.2.840.113635.100.6.1.13] exists  and certificate leaf[subject.OU] = "E873B24XVN" ))' '/var/folders/n1/t8bv4vcj1bsckssfs9p4w9w00000gn/T/XcodeDistPipeline.5aN/Root/Applications/kmh574.app/Contents/Frameworks/libswiftDarwin.dylib'
2018-05-30 20:57:54 +0000  /var/folders/n1/t8bv4vcj1bsckssfs9p4w9w00000gn/T/XcodeDistPipeline.5aN/Root/Applications/kmh574.app/Contents/Frameworks/libswiftDarwin.dylib: replacing existing signature
2018-05-30 20:57:54 +0000  /var/folders/n1/t8bv4vcj1bsckssfs9p4w9w00000gn/T/XcodeDistPipeline.5aN/Root/Applications/kmh574.app/Contents/Frameworks/libswiftDarwin.dylib: signed Mach-O thin (x86_64) [com.apple.dt.runtime.swiftDarwin]
2018-05-30 20:57:54 +0000  
2018-05-30 20:57:54 +0000  
2018-05-30 20:57:54 +0000  
2018-05-30 20:57:54 +0000  /usr/bin/codesign exited with 02018-05-30 20:57:54 +0000  

2018-05-30 20:57:54 +0000  
2018-05-30 20:57:54 +0000  Entitlements for <IDEDistributionItem: 0x7fd507d04bd0 'com.apple.dt.runtime.swiftDispatch' '<DVTFilePath:0x7fd507f4aa80:'/Users/adhumi/Library/Developer/Xcode/Archives/2018-05-30/kmh574 30-05-2018 22.56.xcarchive/Products/Applications/kmh574.app/Contents/Frameworks/libswiftDispatch.dylib'>'>: {
}
2018-05-30 20:57:54 +0000  Writing entitlements for <IDEDistributionItem: 0x7fd507d04bd0 'com.apple.dt.runtime.swiftDispatch' '<DVTFilePath:0x7fd507f4aa80:'/Users/adhumi/Library/Developer/Xcode/Archives/2018-05-30/kmh574 30-05-2018 22.56.xcarchive/Products/Applications/kmh574.app/Contents/Frameworks/libswiftDispatch.dylib'>'> to: /var/folders/n1/t8bv4vcj1bsckssfs9p4w9w00000gn/T/XcodeDistPipeline.5aN/entitlementssEALap
2018-05-30 20:57:54 +0000  Running /usr/bin/codesign '-vvv' '--force' '--sign' 'C08A557AE421E08907B410347B193FA58C0BD57F' '--preserve-metadata=identifier,flags' '--entitlements' '/var/folders/n1/t8bv4vcj1bsckssfs9p4w9w00000gn/T/XcodeDistPipeline.5aN/entitlementssEALap' '--requirements' '=designated => anchor apple generic  and identifier "$self.identifier" and ((cert leaf[field.1.2.840.113635.100.6.1.9] exists) or ( certificate 1[field.1.2.840.113635.100.6.2.6] exists and certificate leaf[field.1.2.840.113635.100.6.1.13] exists  and certificate leaf[subject.OU] = "E873B24XVN" ))' '/var/folders/n1/t8bv4vcj1bsckssfs9p4w9w00000gn/T/XcodeDistPipeline.5aN/Root/Applications/kmh574.app/Contents/Frameworks/libswiftDispatch.dylib'
2018-05-30 20:57:55 +0000  /var/folders/n1/t8bv4vcj1bsckssfs9p4w9w00000gn/T/XcodeDistPipeline.5aN/Root/Applications/kmh574.app/Contents/Frameworks/libswiftDispatch.dylib: replacing existing signature
2018-05-30 20:57:55 +0000  /var/folders/n1/t8bv4vcj1bsckssfs9p4w9w00000gn/T/XcodeDistPipeline.5aN/Root/Applications/kmh574.app/Contents/Frameworks/libswiftDispatch.dylib: signed Mach-O thin (x86_64) [com.apple.dt.runtime.swiftDispatch]
2018-05-30 20:57:55 +0000  
2018-05-30 20:57:55 +0000  2018-05-30 20:57:55 +0000  /usr/bin/codesign exited with 0

2018-05-30 20:57:55 +0000  2018-05-30 20:57:55 +0000  

2018-05-30 20:57:55 +0000  Entitlements for <IDEDistributionItem: 0x7fd507f886e0 'com.apple.dt.runtime.swiftFoundation' '<DVTFilePath:0x7fd52181d9e0:'/Users/adhumi/Library/Developer/Xcode/Archives/2018-05-30/kmh574 30-05-2018 22.56.xcarchive/Products/Applications/kmh574.app/Contents/Frameworks/libswiftFoundation.dylib'>'>: {
}
2018-05-30 20:57:55 +0000  Writing entitlements for <IDEDistributionItem: 0x7fd507f886e0 'com.apple.dt.runtime.swiftFoundation' '<DVTFilePath:0x7fd52181d9e0:'/Users/adhumi/Library/Developer/Xcode/Archives/2018-05-30/kmh574 30-05-2018 22.56.xcarchive/Products/Applications/kmh574.app/Contents/Frameworks/libswiftFoundation.dylib'>'> to: /var/folders/n1/t8bv4vcj1bsckssfs9p4w9w00000gn/T/XcodeDistPipeline.5aN/entitlementst5BM3y
2018-05-30 20:57:55 +0000  Running /usr/bin/codesign '-vvv' '--force' '--sign' 'C08A557AE421E08907B410347B193FA58C0BD57F' '--preserve-metadata=identifier,flags' '--entitlements' '/var/folders/n1/t8bv4vcj1bsckssfs9p4w9w00000gn/T/XcodeDistPipeline.5aN/entitlementst5BM3y' '--requirements' '=designated => anchor apple generic  and identifier "$self.identifier" and ((cert leaf[field.1.2.840.113635.100.6.1.9] exists) or ( certificate 1[field.1.2.840.113635.100.6.2.6] exists and certificate leaf[field.1.2.840.113635.100.6.1.13] exists  and certificate leaf[subject.OU] = "E873B24XVN" ))' '/var/folders/n1/t8bv4vcj1bsckssfs9p4w9w00000gn/T/XcodeDistPipeline.5aN/Root/Applications/kmh574.app/Contents/Frameworks/libswiftFoundation.dylib'
2018-05-30 20:57:55 +0000  /var/folders/n1/t8bv4vcj1bsckssfs9p4w9w00000gn/T/XcodeDistPipeline.5aN/Root/Applications/kmh574.app/Contents/Frameworks/libswiftFoundation.dylib: replacing existing signature
2018-05-30 20:57:56 +0000  /var/folders/n1/t8bv4vcj1bsckssfs9p4w9w00000gn/T/XcodeDistPipeline.5aN/Root/Applications/kmh574.app/Contents/Frameworks/libswiftFoundation.dylib: signed Mach-O thin (x86_64) [com.apple.dt.runtime.swiftFoundation]
2018-05-30 20:57:56 +0000  
2018-05-30 20:57:56 +0000  
2018-05-30 20:57:56 +0000  2018-05-30 20:57:56 +0000  /usr/bin/codesign exited with 0

2018-05-30 20:57:56 +0000  2018-05-30 20:57:56 +0000  

2018-05-30 20:57:56 +0000  Entitlements for <IDEDistributionItem: 0x7fd507b14eb0 'com.apple.dt.runtime.swiftIOKit' '<DVTFilePath:0x7fd52183d7e0:'/Users/adhumi/Library/Developer/Xcode/Archives/2018-05-30/kmh574 30-05-2018 22.56.xcarchive/Products/Applications/kmh574.app/Contents/Frameworks/libswiftIOKit.dylib'>'>: {
}
2018-05-30 20:57:56 +0000  Writing entitlements for <IDEDistributionItem: 0x7fd507b14eb0 'com.apple.dt.runtime.swiftIOKit' '<DVTFilePath:0x7fd52183d7e0:'/Users/adhumi/Library/Developer/Xcode/Archives/2018-05-30/kmh574 30-05-2018 22.56.xcarchive/Products/Applications/kmh574.app/Contents/Frameworks/libswiftIOKit.dylib'>'> to: /var/folders/n1/t8bv4vcj1bsckssfs9p4w9w00000gn/T/XcodeDistPipeline.5aN/entitlementsgxOu29
2018-05-30 20:57:56 +0000  Running /usr/bin/codesign '-vvv' '--force' '--sign' 'C08A557AE421E08907B410347B193FA58C0BD57F' '--preserve-metadata=identifier,flags' '--entitlements' '/var/folders/n1/t8bv4vcj1bsckssfs9p4w9w00000gn/T/XcodeDistPipeline.5aN/entitlementsgxOu29' '--requirements' '=designated => anchor apple generic  and identifier "$self.identifier" and ((cert leaf[field.1.2.840.113635.100.6.1.9] exists) or ( certificate 1[field.1.2.840.113635.100.6.2.6] exists and certificate leaf[field.1.2.840.113635.100.6.1.13] exists  and certificate leaf[subject.OU] = "E873B24XVN" ))' '/var/folders/n1/t8bv4vcj1bsckssfs9p4w9w00000gn/T/XcodeDistPipeline.5aN/Root/Applications/kmh574.app/Contents/Frameworks/libswiftIOKit.dylib'
2018-05-30 20:57:56 +0000  /var/folders/n1/t8bv4vcj1bsckssfs9p4w9w00000gn/T/XcodeDistPipeline.5aN/Root/Applications/kmh574.app/Contents/Frameworks/libswiftIOKit.dylib: replacing existing signature
2018-05-30 20:57:57 +0000  /var/folders/n1/t8bv4vcj1bsckssfs9p4w9w00000gn/T/XcodeDistPipeline.5aN/Root/Applications/kmh574.app/Contents/Frameworks/libswiftIOKit.dylib: signed Mach-O thin (x86_64) [com.apple.dt.runtime.swiftIOKit]
2018-05-30 20:57:57 +0000  2018-05-30 20:57:57 +0000  

2018-05-30 20:57:57 +0000  /usr/bin/codesign exited with 02018-05-30 20:57:57 +0000  

2018-05-30 20:57:57 +0000  
2018-05-30 20:57:57 +0000  Entitlements for <IDEDistributionItem: 0x7fd507b46050 'com.apple.dt.runtime.swiftMetal' '<DVTFilePath:0x7fd507f89fc0:'/Users/adhumi/Library/Developer/Xcode/Archives/2018-05-30/kmh574 30-05-2018 22.56.xcarchive/Products/Applications/kmh574.app/Contents/Frameworks/libswiftMetal.dylib'>'>: {
}
2018-05-30 20:57:57 +0000  Writing entitlements for <IDEDistributionItem: 0x7fd507b46050 'com.apple.dt.runtime.swiftMetal' '<DVTFilePath:0x7fd507f89fc0:'/Users/adhumi/Library/Developer/Xcode/Archives/2018-05-30/kmh574 30-05-2018 22.56.xcarchive/Products/Applications/kmh574.app/Contents/Frameworks/libswiftMetal.dylib'>'> to: /var/folders/n1/t8bv4vcj1bsckssfs9p4w9w00000gn/T/XcodeDistPipeline.5aN/entitlementszWhSJl
2018-05-30 20:57:57 +0000  Running /usr/bin/codesign '-vvv' '--force' '--sign' 'C08A557AE421E08907B410347B193FA58C0BD57F' '--preserve-metadata=identifier,flags' '--entitlements' '/var/folders/n1/t8bv4vcj1bsckssfs9p4w9w00000gn/T/XcodeDistPipeline.5aN/entitlementszWhSJl' '--requirements' '=designated => anchor apple generic  and identifier "$self.identifier" and ((cert leaf[field.1.2.840.113635.100.6.1.9] exists) or ( certificate 1[field.1.2.840.113635.100.6.2.6] exists and certificate leaf[field.1.2.840.113635.100.6.1.13] exists  and certificate leaf[subject.OU] = "E873B24XVN" ))' '/var/folders/n1/t8bv4vcj1bsckssfs9p4w9w00000gn/T/XcodeDistPipeline.5aN/Root/Applications/kmh574.app/Contents/Frameworks/libswiftMetal.dylib'
2018-05-30 20:57:57 +0000  /var/folders/n1/t8bv4vcj1bsckssfs9p4w9w00000gn/T/XcodeDistPipeline.5aN/Root/Applications/kmh574.app/Contents/Frameworks/libswiftMetal.dylib: replacing existing signature
2018-05-30 20:57:58 +0000  /var/folders/n1/t8bv4vcj1bsckssfs9p4w9w00000gn/T/XcodeDistPipeline.5aN/Root/Applications/kmh574.app/Contents/Frameworks/libswiftMetal.dylib: signed Mach-O thin (x86_64) [com.apple.dt.runtime.swiftMetal]
2018-05-30 20:57:58 +0000  
2018-05-30 20:57:58 +0000  
2018-05-30 20:57:58 +0000  2018-05-30 20:57:58 +0000  /usr/bin/codesign exited with 0
2018-05-30 20:57:58 +0000  

2018-05-30 20:57:58 +0000  Entitlements for <IDEDistributionItem: 0x7fd507d0f810 'com.apple.dt.runtime.swiftObjectiveC' '<DVTFilePath:0x7fd507f35250:'/Users/adhumi/Library/Developer/Xcode/Archives/2018-05-30/kmh574 30-05-2018 22.56.xcarchive/Products/Applications/kmh574.app/Contents/Frameworks/libswiftObjectiveC.dylib'>'>: {
}
2018-05-30 20:57:58 +0000  Writing entitlements for <IDEDistributionItem: 0x7fd507d0f810 'com.apple.dt.runtime.swiftObjectiveC' '<DVTFilePath:0x7fd507f35250:'/Users/adhumi/Library/Developer/Xcode/Archives/2018-05-30/kmh574 30-05-2018 22.56.xcarchive/Products/Applications/kmh574.app/Contents/Frameworks/libswiftObjectiveC.dylib'>'> to: /var/folders/n1/t8bv4vcj1bsckssfs9p4w9w00000gn/T/XcodeDistPipeline.5aN/entitlements6VGHVm
2018-05-30 20:57:58 +0000  Running /usr/bin/codesign '-vvv' '--force' '--sign' 'C08A557AE421E08907B410347B193FA58C0BD57F' '--preserve-metadata=identifier,flags' '--entitlements' '/var/folders/n1/t8bv4vcj1bsckssfs9p4w9w00000gn/T/XcodeDistPipeline.5aN/entitlements6VGHVm' '--requirements' '=designated => anchor apple generic  and identifier "$self.identifier" and ((cert leaf[field.1.2.840.113635.100.6.1.9] exists) or ( certificate 1[field.1.2.840.113635.100.6.2.6] exists and certificate leaf[field.1.2.840.113635.100.6.1.13] exists  and certificate leaf[subject.OU] = "E873B24XVN" ))' '/var/folders/n1/t8bv4vcj1bsckssfs9p4w9w00000gn/T/XcodeDistPipeline.5aN/Root/Applications/kmh574.app/Contents/Frameworks/libswiftObjectiveC.dylib'
2018-05-30 20:57:58 +0000  /var/folders/n1/t8bv4vcj1bsckssfs9p4w9w00000gn/T/XcodeDistPipeline.5aN/Root/Applications/kmh574.app/Contents/Frameworks/libswiftObjectiveC.dylib: replacing existing signature
2018-05-30 20:57:59 +0000  /var/folders/n1/t8bv4vcj1bsckssfs9p4w9w00000gn/T/XcodeDistPipeline.5aN/Root/Applications/kmh574.app/Contents/Frameworks/libswiftObjectiveC.dylib: signed Mach-O thin (x86_64) [com.apple.dt.runtime.swiftObjectiveC]
2018-05-30 20:57:59 +0000  
2018-05-30 20:57:59 +0000  
2018-05-30 20:57:59 +0000  
2018-05-30 20:57:59 +0000  2018-05-30 20:57:59 +0000  /usr/bin/codesign exited with 0

2018-05-30 20:57:59 +0000  
2018-05-30 20:57:59 +0000  Entitlements for <IDEDistributionItem: 0x7fd507b5b740 'com.apple.dt.runtime.swiftQuartzCore' '<DVTFilePath:0x7fd507987fb0:'/Users/adhumi/Library/Developer/Xcode/Archives/2018-05-30/kmh574 30-05-2018 22.56.xcarchive/Products/Applications/kmh574.app/Contents/Frameworks/libswiftQuartzCore.dylib'>'>: {
}
2018-05-30 20:57:59 +0000  Writing entitlements for <IDEDistributionItem: 0x7fd507b5b740 'com.apple.dt.runtime.swiftQuartzCore' '<DVTFilePath:0x7fd507987fb0:'/Users/adhumi/Library/Developer/Xcode/Archives/2018-05-30/kmh574 30-05-2018 22.56.xcarchive/Products/Applications/kmh574.app/Contents/Frameworks/libswiftQuartzCore.dylib'>'> to: /var/folders/n1/t8bv4vcj1bsckssfs9p4w9w00000gn/T/XcodeDistPipeline.5aN/entitlementssUIyXr
2018-05-30 20:57:59 +0000  Running /usr/bin/codesign '-vvv' '--force' '--sign' 'C08A557AE421E08907B410347B193FA58C0BD57F' '--preserve-metadata=identifier,flags' '--entitlements' '/var/folders/n1/t8bv4vcj1bsckssfs9p4w9w00000gn/T/XcodeDistPipeline.5aN/entitlementssUIyXr' '--requirements' '=designated => anchor apple generic  and identifier "$self.identifier" and ((cert leaf[field.1.2.840.113635.100.6.1.9] exists) or ( certificate 1[field.1.2.840.113635.100.6.2.6] exists and certificate leaf[field.1.2.840.113635.100.6.1.13] exists  and certificate leaf[subject.OU] = "E873B24XVN" ))' '/var/folders/n1/t8bv4vcj1bsckssfs9p4w9w00000gn/T/XcodeDistPipeline.5aN/Root/Applications/kmh574.app/Contents/Frameworks/libswiftQuartzCore.dylib'
2018-05-30 20:57:59 +0000  /var/folders/n1/t8bv4vcj1bsckssfs9p4w9w00000gn/T/XcodeDistPipeline.5aN/Root/Applications/kmh574.app/Contents/Frameworks/libswiftQuartzCore.dylib: replacing existing signature
2018-05-30 20:57:59 +0000  /var/folders/n1/t8bv4vcj1bsckssfs9p4w9w00000gn/T/XcodeDistPipeline.5aN/Root/Applications/kmh574.app/Contents/Frameworks/libswiftQuartzCore.dylib: signed Mach-O thin (x86_64) [com.apple.dt.runtime.swiftQuartzCore]
2018-05-30 20:57:59 +0000  2018-05-30 20:57:59 +0000  

2018-05-30 20:57:59 +0000  /usr/bin/codesign exited with 0
2018-05-30 20:57:59 +0000  2018-05-30 20:57:59 +0000  

2018-05-30 20:57:59 +0000  Entitlements for <IDEDistributionItem: 0x7fd507d14940 'com.apple.dt.runtime.swiftXPC' '<DVTFilePath:0x7fd50796a220:'/Users/adhumi/Library/Developer/Xcode/Archives/2018-05-30/kmh574 30-05-2018 22.56.xcarchive/Products/Applications/kmh574.app/Contents/Frameworks/libswiftXPC.dylib'>'>: {
}
2018-05-30 20:57:59 +0000  Writing entitlements for <IDEDistributionItem: 0x7fd507d14940 'com.apple.dt.runtime.swiftXPC' '<DVTFilePath:0x7fd50796a220:'/Users/adhumi/Library/Developer/Xcode/Archives/2018-05-30/kmh574 30-05-2018 22.56.xcarchive/Products/Applications/kmh574.app/Contents/Frameworks/libswiftXPC.dylib'>'> to: /var/folders/n1/t8bv4vcj1bsckssfs9p4w9w00000gn/T/XcodeDistPipeline.5aN/entitlementsiTxSty
2018-05-30 20:57:59 +0000  Running /usr/bin/codesign '-vvv' '--force' '--sign' 'C08A557AE421E08907B410347B193FA58C0BD57F' '--preserve-metadata=identifier,flags' '--entitlements' '/var/folders/n1/t8bv4vcj1bsckssfs9p4w9w00000gn/T/XcodeDistPipeline.5aN/entitlementsiTxSty' '--requirements' '=designated => anchor apple generic  and identifier "$self.identifier" and ((cert leaf[field.1.2.840.113635.100.6.1.9] exists) or ( certificate 1[field.1.2.840.113635.100.6.2.6] exists and certificate leaf[field.1.2.840.113635.100.6.1.13] exists  and certificate leaf[subject.OU] = "E873B24XVN" ))' '/var/folders/n1/t8bv4vcj1bsckssfs9p4w9w00000gn/T/XcodeDistPipeline.5aN/Root/Applications/kmh574.app/Contents/Frameworks/libswiftXPC.dylib'
2018-05-30 20:57:59 +0000  /var/folders/n1/t8bv4vcj1bsckssfs9p4w9w00000gn/T/XcodeDistPipeline.5aN/Root/Applications/kmh574.app/Contents/Frameworks/libswiftXPC.dylib: replacing existing signature
2018-05-30 20:58:00 +0000  /var/folders/n1/t8bv4vcj1bsckssfs9p4w9w00000gn/T/XcodeDistPipeline.5aN/Root/Applications/kmh574.app/Contents/Frameworks/libswiftXPC.dylib: signed Mach-O thin (x86_64) [com.apple.dt.runtime.swiftXPC]
2018-05-30 20:58:00 +0000  
2018-05-30 20:58:00 +0000  
2018-05-30 20:58:00 +0000  2018-05-30 20:58:00 +0000  /usr/bin/codesign exited with 0

2018-05-30 20:58:00 +0000  
2018-05-30 20:58:00 +0000  
2018-05-30 20:58:00 +0000  Entitlements for <IDEDistributionItem: 0x7fd507b26400 'com.apple.dt.runtime.swiftos' '<DVTFilePath:0x7fd521f6bf30:'/Users/adhumi/Library/Developer/Xcode/Archives/2018-05-30/kmh574 30-05-2018 22.56.xcarchive/Products/Applications/kmh574.app/Contents/Frameworks/libswiftos.dylib'>'>: {
}
2018-05-30 20:58:00 +0000  Writing entitlements for <IDEDistributionItem: 0x7fd507b26400 'com.apple.dt.runtime.swiftos' '<DVTFilePath:0x7fd521f6bf30:'/Users/adhumi/Library/Developer/Xcode/Archives/2018-05-30/kmh574 30-05-2018 22.56.xcarchive/Products/Applications/kmh574.app/Contents/Frameworks/libswiftos.dylib'>'> to: /var/folders/n1/t8bv4vcj1bsckssfs9p4w9w00000gn/T/XcodeDistPipeline.5aN/entitlementsBDo86v
2018-05-30 20:58:00 +0000  Running /usr/bin/codesign '-vvv' '--force' '--sign' 'C08A557AE421E08907B410347B193FA58C0BD57F' '--preserve-metadata=identifier,flags' '--entitlements' '/var/folders/n1/t8bv4vcj1bsckssfs9p4w9w00000gn/T/XcodeDistPipeline.5aN/entitlementsBDo86v' '--requirements' '=designated => anchor apple generic  and identifier "$self.identifier" and ((cert leaf[field.1.2.840.113635.100.6.1.9] exists) or ( certificate 1[field.1.2.840.113635.100.6.2.6] exists and certificate leaf[field.1.2.840.113635.100.6.1.13] exists  and certificate leaf[subject.OU] = "E873B24XVN" ))' '/var/folders/n1/t8bv4vcj1bsckssfs9p4w9w00000gn/T/XcodeDistPipeline.5aN/Root/Applications/kmh574.app/Contents/Frameworks/libswiftos.dylib'
2018-05-30 20:58:00 +0000  /var/folders/n1/t8bv4vcj1bsckssfs9p4w9w00000gn/T/XcodeDistPipeline.5aN/Root/Applications/kmh574.app/Contents/Frameworks/libswiftos.dylib: replacing existing signature
2018-05-30 20:58:00 +0000  /var/folders/n1/t8bv4vcj1bsckssfs9p4w9w00000gn/T/XcodeDistPipeline.5aN/Root/Applications/kmh574.app/Contents/Frameworks/libswiftos.dylib: signed Mach-O thin (x86_64) [com.apple.dt.runtime.swiftos]
2018-05-30 20:58:00 +0000  
2018-05-30 20:58:00 +0000  
2018-05-30 20:58:00 +0000  2018-05-30 20:58:00 +0000  /usr/bin/codesign exited with 0

2018-05-30 20:58:00 +0000  
2018-05-30 20:58:00 +0000  Entitlements for <IDEDistributionItem: 0x7fd5078a48a0 'fr.adhumi.kmh574' '<DVTFilePath:0x7fd523ec0db0:'/Users/adhumi/Library/Developer/Xcode/Archives/2018-05-30/kmh574 30-05-2018 22.56.xcarchive/Products/Applications/kmh574.app'>'>: {
    "com.apple.security.app-sandbox" = 1;
    "com.apple.security.files.user-selected.read-only" = 1;
    "com.apple.security.network.client" = 1;
}
2018-05-30 20:58:00 +0000  Writing entitlements for <IDEDistributionItem: 0x7fd5078a48a0 'fr.adhumi.kmh574' '<DVTFilePath:0x7fd523ec0db0:'/Users/adhumi/Library/Developer/Xcode/Archives/2018-05-30/kmh574 30-05-2018 22.56.xcarchive/Products/Applications/kmh574.app'>'> to: /var/folders/n1/t8bv4vcj1bsckssfs9p4w9w00000gn/T/XcodeDistPipeline.5aN/entitlementsJgJMU3
2018-05-30 20:58:00 +0000  Running /usr/bin/codesign '-vvv' '--force' '--sign' 'C08A557AE421E08907B410347B193FA58C0BD57F' '--preserve-metadata=identifier,flags' '--entitlements' '/var/folders/n1/t8bv4vcj1bsckssfs9p4w9w00000gn/T/XcodeDistPipeline.5aN/entitlementsJgJMU3' '--requirements' '=designated => anchor apple generic  and identifier "$self.identifier" and ((cert leaf[field.1.2.840.113635.100.6.1.9] exists) or ( certificate 1[field.1.2.840.113635.100.6.2.6] exists and certificate leaf[field.1.2.840.113635.100.6.1.13] exists  and certificate leaf[subject.OU] = "E873B24XVN" ))' '/var/folders/n1/t8bv4vcj1bsckssfs9p4w9w00000gn/T/XcodeDistPipeline.5aN/Root/Applications/kmh574.app'
2018-05-30 20:58:01 +0000  /var/folders/n1/t8bv4vcj1bsckssfs9p4w9w00000gn/T/XcodeDistPipeline.5aN/Root/Applications/kmh574.app: replacing existing signature
2018-05-30 20:58:01 +0000  /var/folders/n1/t8bv4vcj1bsckssfs9p4w9w00000gn/T/XcodeDistPipeline.5aN/Root/Applications/kmh574.app: signed app bundle with Mach-O thin (x86_64) [fr.adhumi.kmh574]
2018-05-30 20:58:01 +0000  
2018-05-30 20:58:01 +0000  
2018-05-30 20:58:01 +0000  
2018-05-30 20:58:01 +0000  /usr/bin/codesign exited with 02018-05-30 20:58:01 +0000  

2018-05-30 20:58:01 +0000  
2018-05-30 20:58:01 +0000  Processing step: IDEDistributionStreamingZipItemStep
2018-05-30 20:58:01 +0000  Skipping step: IDEDistributionStreamingZipItemStep because it said so
2018-05-30 20:58:01 +0000  Skipping step: IDEDistributionStreamingZipItemStep because it said so
2018-05-30 20:58:01 +0000  Skipping step: IDEDistributionStreamingZipItemStep because it said so
2018-05-30 20:58:01 +0000  Skipping step: IDEDistributionStreamingZipItemStep because it said so
2018-05-30 20:58:01 +0000  Skipping step: IDEDistributionStreamingZipItemStep because it said so
2018-05-30 20:58:01 +0000  Skipping step: IDEDistributionStreamingZipItemStep because it said so
2018-05-30 20:58:01 +0000  Skipping step: IDEDistributionStreamingZipItemStep because it said so
2018-05-30 20:58:01 +0000  Skipping step: IDEDistributionStreamingZipItemStep because it said so
2018-05-30 20:58:01 +0000  Skipping step: IDEDistributionStreamingZipItemStep because it said so
2018-05-30 20:58:01 +0000  Skipping step: IDEDistributionStreamingZipItemStep because it said so
2018-05-30 20:58:01 +0000  Skipping step: IDEDistributionStreamingZipItemStep because it said so
2018-05-30 20:58:01 +0000  Skipping step: IDEDistributionStreamingZipItemStep because it said so
2018-05-30 20:58:01 +0000  Skipping step: IDEDistributionStreamingZipItemStep because it said so
2018-05-30 20:58:01 +0000  Skipping step: IDEDistributionStreamingZipItemStep because it said so
2018-05-30 20:58:01 +0000  Skipping step: IDEDistributionStreamingZipItemStep because it said so
2018-05-30 20:58:01 +0000  Skipping step: IDEDistributionStreamingZipItemStep because it said so
2018-05-30 20:58:01 +0000  Processing step: IDEDistributionSkipPackagingStep
2018-05-30 20:58:01 +0000  Processing step: IDEDistributionCreateManifestStep
2018-05-30 20:58:01 +0000  Skipping step: IDEDistributionCreateManifestStep because it said so
